{"/Users/sebastian/dev/sandbox/src/calendar.js": {"path":"/Users/sebastian/dev/sandbox/src/calendar.js","all":false,"statementMap":{"0":{"start":{"line":1,"column":0},"end":{"line":1,"column":23}},"1":{"start":{"line":2,"column":0},"end":{"line":2,"column":36}},"2":{"start":{"line":3,"column":0},"end":{"line":3,"column":38}},"3":{"start":{"line":4,"column":0},"end":{"line":4,"column":99}},"4":{"start":{"line":5,"column":0},"end":{"line":5,"column":24}},"6":{"start":{"line":7,"column":0},"end":{"line":7,"column":20}},"7":{"start":{"line":8,"column":0},"end":{"line":8,"column":12}},"8":{"start":{"line":9,"column":0},"end":{"line":9,"column":13}},"9":{"start":{"line":10,"column":0},"end":{"line":10,"column":10}},"10":{"start":{"line":11,"column":0},"end":{"line":11,"column":10}},"11":{"start":{"line":12,"column":0},"end":{"line":12,"column":8}},"12":{"start":{"line":13,"column":0},"end":{"line":13,"column":9}},"13":{"start":{"line":14,"column":0},"end":{"line":14,"column":9}},"14":{"start":{"line":15,"column":0},"end":{"line":15,"column":11}},"15":{"start":{"line":16,"column":0},"end":{"line":16,"column":14}},"16":{"start":{"line":17,"column":0},"end":{"line":17,"column":12}},"17":{"start":{"line":18,"column":0},"end":{"line":18,"column":13}},"18":{"start":{"line":19,"column":0},"end":{"line":19,"column":12}},"19":{"start":{"line":20,"column":0},"end":{"line":20,"column":2}},"21":{"start":{"line":22,"column":0},"end":{"line":22,"column":25}},"22":{"start":{"line":23,"column":0},"end":{"line":23,"column":49}},"23":{"start":{"line":24,"column":0},"end":{"line":24,"column":58}},"24":{"start":{"line":25,"column":0},"end":{"line":25,"column":64}},"25":{"start":{"line":26,"column":0},"end":{"line":26,"column":71}},"26":{"start":{"line":27,"column":0},"end":{"line":27,"column":1}},"28":{"start":{"line":29,"column":0},"end":{"line":29,"column":30}},"29":{"start":{"line":30,"column":0},"end":{"line":30,"column":27}},"30":{"start":{"line":31,"column":0},"end":{"line":31,"column":28}},"31":{"start":{"line":32,"column":0},"end":{"line":32,"column":3}},"32":{"start":{"line":33,"column":0},"end":{"line":33,"column":29}},"33":{"start":{"line":34,"column":0},"end":{"line":34,"column":17}},"35":{"start":{"line":36,"column":0},"end":{"line":36,"column":39}},"36":{"start":{"line":37,"column":0},"end":{"line":37,"column":50}},"37":{"start":{"line":38,"column":0},"end":{"line":38,"column":55}},"38":{"start":{"line":39,"column":0},"end":{"line":39,"column":48}},"39":{"start":{"line":40,"column":0},"end":{"line":40,"column":49}},"40":{"start":{"line":41,"column":0},"end":{"line":41,"column":25}},"41":{"start":{"line":42,"column":0},"end":{"line":42,"column":3}},"43":{"start":{"line":44,"column":0},"end":{"line":44,"column":58}},"44":{"start":{"line":45,"column":0},"end":{"line":45,"column":30}},"46":{"start":{"line":47,"column":0},"end":{"line":47,"column":31}},"47":{"start":{"line":48,"column":0},"end":{"line":48,"column":63}},"49":{"start":{"line":50,"column":0},"end":{"line":50,"column":25}},"50":{"start":{"line":51,"column":0},"end":{"line":51,"column":53}},"51":{"start":{"line":52,"column":0},"end":{"line":52,"column":61}},"52":{"start":{"line":53,"column":0},"end":{"line":53,"column":28}},"53":{"start":{"line":54,"column":0},"end":{"line":54,"column":28}},"54":{"start":{"line":55,"column":0},"end":{"line":55,"column":22}},"55":{"start":{"line":56,"column":0},"end":{"line":56,"column":22}},"56":{"start":{"line":57,"column":0},"end":{"line":57,"column":15}},"57":{"start":{"line":58,"column":0},"end":{"line":58,"column":19}},"59":{"start":{"line":60,"column":0},"end":{"line":60,"column":36}},"60":{"start":{"line":61,"column":0},"end":{"line":61,"column":22}},"61":{"start":{"line":62,"column":0},"end":{"line":62,"column":19}},"62":{"start":{"line":63,"column":0},"end":{"line":63,"column":15}},"63":{"start":{"line":64,"column":0},"end":{"line":64,"column":3}},"65":{"start":{"line":66,"column":0},"end":{"line":66,"column":36}},"66":{"start":{"line":67,"column":0},"end":{"line":67,"column":23}},"67":{"start":{"line":68,"column":0},"end":{"line":68,"column":18}},"68":{"start":{"line":69,"column":0},"end":{"line":69,"column":15}},"69":{"start":{"line":70,"column":0},"end":{"line":70,"column":3}},"71":{"start":{"line":72,"column":0},"end":{"line":72,"column":49}},"72":{"start":{"line":73,"column":0},"end":{"line":73,"column":73}},"74":{"start":{"line":75,"column":0},"end":{"line":75,"column":56}},"75":{"start":{"line":76,"column":0},"end":{"line":76,"column":45}},"76":{"start":{"line":77,"column":0},"end":{"line":77,"column":75}},"77":{"start":{"line":78,"column":0},"end":{"line":78,"column":3}},"79":{"start":{"line":80,"column":0},"end":{"line":80,"column":35}},"80":{"start":{"line":81,"column":0},"end":{"line":81,"column":31}},"81":{"start":{"line":82,"column":0},"end":{"line":82,"column":23}},"82":{"start":{"line":83,"column":0},"end":{"line":83,"column":45}},"84":{"start":{"line":85,"column":0},"end":{"line":85,"column":40}},"85":{"start":{"line":86,"column":0},"end":{"line":86,"column":33}},"86":{"start":{"line":87,"column":0},"end":{"line":87,"column":26}},"87":{"start":{"line":88,"column":0},"end":{"line":88,"column":48}},"88":{"start":{"line":89,"column":0},"end":{"line":89,"column":28}},"89":{"start":{"line":90,"column":0},"end":{"line":90,"column":110}},"90":{"start":{"line":91,"column":0},"end":{"line":91,"column":47}},"92":{"start":{"line":93,"column":0},"end":{"line":93,"column":36}},"93":{"start":{"line":94,"column":0},"end":{"line":94,"column":31}},"94":{"start":{"line":95,"column":0},"end":{"line":95,"column":52}},"95":{"start":{"line":96,"column":0},"end":{"line":96,"column":26}},"96":{"start":{"line":97,"column":0},"end":{"line":97,"column":40}},"97":{"start":{"line":98,"column":0},"end":{"line":98,"column":62}},"98":{"start":{"line":99,"column":0},"end":{"line":99,"column":17}},"99":{"start":{"line":100,"column":0},"end":{"line":100,"column":10}},"100":{"start":{"line":101,"column":0},"end":{"line":101,"column":38}},"101":{"start":{"line":102,"column":0},"end":{"line":102,"column":27}},"102":{"start":{"line":103,"column":0},"end":{"line":103,"column":52}},"103":{"start":{"line":104,"column":0},"end":{"line":104,"column":26}},"104":{"start":{"line":105,"column":0},"end":{"line":105,"column":40}},"105":{"start":{"line":106,"column":0},"end":{"line":106,"column":36}},"106":{"start":{"line":107,"column":0},"end":{"line":107,"column":17}},"107":{"start":{"line":108,"column":0},"end":{"line":108,"column":10}},"108":{"start":{"line":109,"column":0},"end":{"line":109,"column":19}},"109":{"start":{"line":110,"column":0},"end":{"line":110,"column":17}},"110":{"start":{"line":111,"column":0},"end":{"line":111,"column":42}},"111":{"start":{"line":112,"column":0},"end":{"line":112,"column":37}},"112":{"start":{"line":113,"column":0},"end":{"line":113,"column":9}},"113":{"start":{"line":114,"column":0},"end":{"line":114,"column":29}},"114":{"start":{"line":115,"column":0},"end":{"line":115,"column":52}},"115":{"start":{"line":116,"column":0},"end":{"line":116,"column":26}},"116":{"start":{"line":117,"column":0},"end":{"line":117,"column":40}},"117":{"start":{"line":118,"column":0},"end":{"line":118,"column":32}},"118":{"start":{"line":119,"column":0},"end":{"line":119,"column":17}},"119":{"start":{"line":120,"column":0},"end":{"line":120,"column":10}},"120":{"start":{"line":121,"column":0},"end":{"line":121,"column":15}},"121":{"start":{"line":122,"column":0},"end":{"line":122,"column":14}},"122":{"start":{"line":123,"column":0},"end":{"line":123,"column":27}},"124":{"start":{"line":125,"column":0},"end":{"line":125,"column":26}},"125":{"start":{"line":126,"column":0},"end":{"line":126,"column":16}},"126":{"start":{"line":127,"column":0},"end":{"line":127,"column":24}},"127":{"start":{"line":128,"column":0},"end":{"line":128,"column":32}},"128":{"start":{"line":129,"column":0},"end":{"line":129,"column":35}},"129":{"start":{"line":130,"column":0},"end":{"line":130,"column":27}},"130":{"start":{"line":131,"column":0},"end":{"line":131,"column":37}},"131":{"start":{"line":132,"column":0},"end":{"line":132,"column":62}},"132":{"start":{"line":133,"column":0},"end":{"line":133,"column":12}},"133":{"start":{"line":134,"column":0},"end":{"line":134,"column":58}},"134":{"start":{"line":135,"column":0},"end":{"line":135,"column":65}},"135":{"start":{"line":136,"column":0},"end":{"line":136,"column":32}},"136":{"start":{"line":137,"column":0},"end":{"line":137,"column":18}},"137":{"start":{"line":138,"column":0},"end":{"line":138,"column":10}},"139":{"start":{"line":140,"column":0},"end":{"line":140,"column":46}},"140":{"start":{"line":141,"column":0},"end":{"line":141,"column":26}},"141":{"start":{"line":142,"column":0},"end":{"line":142,"column":23}},"142":{"start":{"line":143,"column":0},"end":{"line":143,"column":49}},"143":{"start":{"line":144,"column":0},"end":{"line":144,"column":10}},"145":{"start":{"line":146,"column":0},"end":{"line":146,"column":26}},"146":{"start":{"line":147,"column":0},"end":{"line":147,"column":23}},"147":{"start":{"line":148,"column":0},"end":{"line":148,"column":37}},"148":{"start":{"line":149,"column":0},"end":{"line":149,"column":39}},"149":{"start":{"line":150,"column":0},"end":{"line":150,"column":39}},"151":{"start":{"line":152,"column":0},"end":{"line":152,"column":22}},"152":{"start":{"line":153,"column":0},"end":{"line":153,"column":48}},"153":{"start":{"line":154,"column":0},"end":{"line":154,"column":52}},"154":{"start":{"line":155,"column":0},"end":{"line":155,"column":9}},"156":{"start":{"line":157,"column":0},"end":{"line":157,"column":36}},"157":{"start":{"line":158,"column":0},"end":{"line":158,"column":33}},"158":{"start":{"line":159,"column":0},"end":{"line":159,"column":57}},"159":{"start":{"line":160,"column":0},"end":{"line":160,"column":9}},"161":{"start":{"line":162,"column":0},"end":{"line":162,"column":15}},"162":{"start":{"line":163,"column":0},"end":{"line":163,"column":7}},"163":{"start":{"line":164,"column":0},"end":{"line":164,"column":28}},"164":{"start":{"line":165,"column":0},"end":{"line":165,"column":5}},"166":{"start":{"line":167,"column":0},"end":{"line":167,"column":34}},"168":{"start":{"line":169,"column":0},"end":{"line":169,"column":34}},"169":{"start":{"line":170,"column":0},"end":{"line":170,"column":3}},"171":{"start":{"line":172,"column":0},"end":{"line":172,"column":67}},"172":{"start":{"line":173,"column":0},"end":{"line":173,"column":33}},"173":{"start":{"line":174,"column":0},"end":{"line":174,"column":62}},"174":{"start":{"line":175,"column":0},"end":{"line":175,"column":54}},"175":{"start":{"line":176,"column":0},"end":{"line":176,"column":40}},"176":{"start":{"line":177,"column":0},"end":{"line":177,"column":6}},"177":{"start":{"line":178,"column":0},"end":{"line":178,"column":28}},"178":{"start":{"line":179,"column":0},"end":{"line":179,"column":39}},"179":{"start":{"line":180,"column":0},"end":{"line":180,"column":5}},"180":{"start":{"line":181,"column":0},"end":{"line":181,"column":3}},"182":{"start":{"line":183,"column":0},"end":{"line":183,"column":45}},"183":{"start":{"line":184,"column":0},"end":{"line":184,"column":47}},"184":{"start":{"line":185,"column":0},"end":{"line":185,"column":47}},"185":{"start":{"line":186,"column":0},"end":{"line":186,"column":4}},"186":{"start":{"line":187,"column":0},"end":{"line":187,"column":29}},"187":{"start":{"line":188,"column":0},"end":{"line":188,"column":44}},"188":{"start":{"line":189,"column":0},"end":{"line":189,"column":40}},"189":{"start":{"line":190,"column":0},"end":{"line":190,"column":45}},"191":{"start":{"line":192,"column":0},"end":{"line":192,"column":44}},"192":{"start":{"line":193,"column":0},"end":{"line":193,"column":42}},"193":{"start":{"line":194,"column":0},"end":{"line":194,"column":69}},"194":{"start":{"line":195,"column":0},"end":{"line":195,"column":7}},"195":{"start":{"line":196,"column":0},"end":{"line":196,"column":7}},"196":{"start":{"line":197,"column":0},"end":{"line":197,"column":5}},"197":{"start":{"line":198,"column":0},"end":{"line":198,"column":1}},"199":{"start":{"line":200,"column":0},"end":{"line":200,"column":36}},"200":{"start":{"line":201,"column":0},"end":{"line":201,"column":26}},"201":{"start":{"line":202,"column":0},"end":{"line":202,"column":1}},"203":{"start":{"line":204,"column":0},"end":{"line":204,"column":25}},"204":{"start":{"line":205,"column":0},"end":{"line":205,"column":34}},"205":{"start":{"line":206,"column":0},"end":{"line":206,"column":1}},"207":{"start":{"line":208,"column":0},"end":{"line":208,"column":31}},"208":{"start":{"line":209,"column":0},"end":{"line":209,"column":49}},"209":{"start":{"line":210,"column":0},"end":{"line":210,"column":22}},"211":{"start":{"line":212,"column":0},"end":{"line":212,"column":53}},"212":{"start":{"line":213,"column":0},"end":{"line":213,"column":37}},"213":{"start":{"line":214,"column":0},"end":{"line":214,"column":25}},"214":{"start":{"line":215,"column":0},"end":{"line":215,"column":22}},"215":{"start":{"line":216,"column":0},"end":{"line":216,"column":18}},"216":{"start":{"line":217,"column":0},"end":{"line":217,"column":3}},"218":{"start":{"line":219,"column":0},"end":{"line":219,"column":56}},"219":{"start":{"line":220,"column":0},"end":{"line":220,"column":37}},"220":{"start":{"line":221,"column":0},"end":{"line":221,"column":26}},"221":{"start":{"line":222,"column":0},"end":{"line":222,"column":21}},"222":{"start":{"line":223,"column":0},"end":{"line":223,"column":18}},"223":{"start":{"line":224,"column":0},"end":{"line":224,"column":3}},"225":{"start":{"line":226,"column":0},"end":{"line":226,"column":23}},"226":{"start":{"line":227,"column":0},"end":{"line":227,"column":43}},"227":{"start":{"line":228,"column":0},"end":{"line":228,"column":1}},"229":{"start":{"line":230,"column":0},"end":{"line":230,"column":39}},"230":{"start":{"line":231,"column":0},"end":{"line":231,"column":47}},"231":{"start":{"line":232,"column":0},"end":{"line":232,"column":27}},"232":{"start":{"line":233,"column":0},"end":{"line":233,"column":29}},"233":{"start":{"line":234,"column":0},"end":{"line":234,"column":27}},"234":{"start":{"line":235,"column":0},"end":{"line":235,"column":1}}},"s":{"0":1,"1":1,"2":1,"3":1,"4":1,"6":1,"7":1,"8":1,"9":1,"10":1,"11":1,"12":1,"13":1,"14":1,"15":1,"16":1,"17":1,"18":1,"19":1,"21":5,"22":5,"23":5,"24":5,"25":5,"26":5,"28":1,"29":5,"30":5,"31":5,"32":5,"33":5,"35":5,"36":5,"37":1,"38":1,"39":1,"40":1,"41":1,"43":5,"44":5,"46":5,"47":5,"49":5,"50":5,"51":5,"52":5,"53":5,"54":5,"55":5,"56":5,"57":5,"59":5,"60":5,"61":0,"62":0,"63":0,"65":5,"66":5,"67":0,"68":0,"69":0,"71":5,"72":5,"74":5,"75":5,"76":5,"77":5,"79":5,"80":5,"81":25,"82":25,"84":25,"85":25,"86":175,"87":175,"88":175,"89":175,"90":175,"92":175,"93":12,"94":12,"95":12,"96":12,"97":12,"98":12,"99":12,"100":175,"101":9,"102":9,"103":9,"104":9,"105":9,"106":9,"107":9,"108":9,"109":163,"110":154,"111":111,"112":154,"113":79,"114":79,"115":79,"116":79,"117":79,"118":79,"119":79,"120":79,"121":154,"122":75,"124":75,"125":75,"126":75,"127":75,"128":75,"129":75,"130":75,"131":75,"132":75,"133":75,"134":75,"135":75,"136":75,"137":75,"139":75,"140":75,"141":75,"142":75,"143":75,"145":75,"146":75,"147":75,"148":75,"149":75,"151":75,"152":2,"153":2,"154":2,"156":75,"157":75,"158":0,"159":0,"161":75,"162":75,"163":175,"164":175,"166":25,"168":25,"169":25,"171":5,"172":5,"173":1,"174":1,"175":1,"176":1,"177":1,"178":1,"179":1,"180":1,"182":5,"183":5,"184":5,"185":5,"186":5,"187":75,"188":1,"189":1,"191":1,"192":1,"193":1,"194":1,"195":75,"196":5,"197":5,"199":1,"200":1,"201":1,"203":1,"204":0,"205":0,"207":1,"208":1,"209":1,"211":1,"212":1,"213":1,"214":0,"215":0,"216":0,"218":1,"219":1,"220":1,"221":0,"222":0,"223":0,"225":1,"226":1,"227":1,"229":111,"230":111,"231":111,"232":111,"233":111,"234":111},"branchMap":{"0":{"type":"branch","line":22,"loc":{"start":{"line":22,"column":0},"end":{"line":27,"column":1}},"locations":[{"start":{"line":22,"column":0},"end":{"line":27,"column":1}}]},"1":{"type":"branch","line":29,"loc":{"start":{"line":29,"column":7},"end":{"line":198,"column":1}},"locations":[{"start":{"line":29,"column":7},"end":{"line":198,"column":1}}]},"2":{"type":"branch","line":37,"loc":{"start":{"line":37,"column":19},"end":{"line":37,"column":47}},"locations":[{"start":{"line":37,"column":19},"end":{"line":37,"column":47}}]},"3":{"type":"branch","line":37,"loc":{"start":{"line":37,"column":49},"end":{"line":42,"column":3}},"locations":[{"start":{"line":37,"column":49},"end":{"line":42,"column":3}}]},"4":{"type":"branch","line":61,"loc":{"start":{"line":61,"column":21},"end":{"line":64,"column":3}},"locations":[{"start":{"line":61,"column":21},"end":{"line":64,"column":3}}]},"5":{"type":"branch","line":67,"loc":{"start":{"line":67,"column":22},"end":{"line":70,"column":3}},"locations":[{"start":{"line":67,"column":22},"end":{"line":70,"column":3}}]},"6":{"type":"branch","line":81,"loc":{"start":{"line":81,"column":30},"end":{"line":170,"column":3}},"locations":[{"start":{"line":81,"column":30},"end":{"line":170,"column":3}}]},"7":{"type":"branch","line":86,"loc":{"start":{"line":86,"column":32},"end":{"line":165,"column":5}},"locations":[{"start":{"line":86,"column":32},"end":{"line":165,"column":5}}]},"8":{"type":"branch","line":93,"loc":{"start":{"line":93,"column":18},"end":{"line":93,"column":33}},"locations":[{"start":{"line":93,"column":18},"end":{"line":93,"column":33}}]},"9":{"type":"branch","line":93,"loc":{"start":{"line":93,"column":35},"end":{"line":101,"column":7}},"locations":[{"start":{"line":93,"column":35},"end":{"line":101,"column":7}}]},"10":{"type":"branch","line":101,"loc":{"start":{"line":101,"column":7},"end":{"line":163,"column":7}},"locations":[{"start":{"line":101,"column":7},"end":{"line":163,"column":7}}]},"11":{"type":"branch","line":101,"loc":{"start":{"line":101,"column":37},"end":{"line":110,"column":7}},"locations":[{"start":{"line":101,"column":37},"end":{"line":110,"column":7}}]},"12":{"type":"branch","line":110,"loc":{"start":{"line":110,"column":7},"end":{"line":163,"column":7}},"locations":[{"start":{"line":110,"column":7},"end":{"line":163,"column":7}}]},"13":{"type":"branch","line":111,"loc":{"start":{"line":111,"column":40},"end":{"line":112,"column":37}},"locations":[{"start":{"line":111,"column":40},"end":{"line":112,"column":37}}]},"14":{"type":"branch","line":113,"loc":{"start":{"line":113,"column":8},"end":{"line":122,"column":7}},"locations":[{"start":{"line":113,"column":8},"end":{"line":122,"column":7}}]},"15":{"type":"branch","line":122,"loc":{"start":{"line":122,"column":7},"end":{"line":163,"column":7}},"locations":[{"start":{"line":122,"column":7},"end":{"line":163,"column":7}}]},"16":{"type":"branch","line":148,"loc":{"start":{"line":148,"column":35},"end":{"line":149,"column":36}},"locations":[{"start":{"line":148,"column":35},"end":{"line":149,"column":36}}]},"17":{"type":"branch","line":149,"loc":{"start":{"line":149,"column":37},"end":{"line":150,"column":38}},"locations":[{"start":{"line":149,"column":37},"end":{"line":150,"column":38}}]},"18":{"type":"branch","line":152,"loc":{"start":{"line":152,"column":21},"end":{"line":155,"column":9}},"locations":[{"start":{"line":152,"column":21},"end":{"line":155,"column":9}}]},"19":{"type":"branch","line":158,"loc":{"start":{"line":158,"column":32},"end":{"line":160,"column":9}},"locations":[{"start":{"line":158,"column":32},"end":{"line":160,"column":9}}]},"20":{"type":"branch","line":169,"loc":{"start":{"line":169,"column":28},"end":{"line":169,"column":34}},"locations":[{"start":{"line":169,"column":28},"end":{"line":169,"column":34}}]},"21":{"type":"branch","line":173,"loc":{"start":{"line":173,"column":32},"end":{"line":181,"column":3}},"locations":[{"start":{"line":173,"column":32},"end":{"line":181,"column":3}}]},"22":{"type":"branch","line":187,"loc":{"start":{"line":187,"column":17},"end":{"line":197,"column":3}},"locations":[{"start":{"line":187,"column":17},"end":{"line":197,"column":3}}]},"23":{"type":"branch","line":188,"loc":{"start":{"line":188,"column":37},"end":{"line":196,"column":5}},"locations":[{"start":{"line":188,"column":37},"end":{"line":196,"column":5}}]},"24":{"type":"branch","line":200,"loc":{"start":{"line":200,"column":7},"end":{"line":202,"column":1}},"locations":[{"start":{"line":200,"column":7},"end":{"line":202,"column":1}}]},"25":{"type":"branch","line":208,"loc":{"start":{"line":208,"column":7},"end":{"line":228,"column":1}},"locations":[{"start":{"line":208,"column":7},"end":{"line":228,"column":1}}]},"26":{"type":"branch","line":214,"loc":{"start":{"line":214,"column":24},"end":{"line":217,"column":3}},"locations":[{"start":{"line":214,"column":24},"end":{"line":217,"column":3}}]},"27":{"type":"branch","line":221,"loc":{"start":{"line":221,"column":25},"end":{"line":224,"column":3}},"locations":[{"start":{"line":221,"column":25},"end":{"line":224,"column":3}}]},"28":{"type":"branch","line":230,"loc":{"start":{"line":230,"column":0},"end":{"line":235,"column":1}},"locations":[{"start":{"line":230,"column":0},"end":{"line":235,"column":1}}]}},"b":{"0":[5],"1":[5],"2":[3],"3":[1],"4":[0],"5":[0],"6":[25],"7":[175],"8":[35],"9":[12],"10":[163],"11":[9],"12":[154],"13":[111],"14":[79],"15":[75],"16":[3],"17":[2],"18":[2],"19":[0],"20":[5],"21":[1],"22":[75],"23":[1],"24":[1],"25":[1],"26":[0],"27":[0],"28":[111]},"fnMap":{"0":{"name":"initElements","decl":{"start":{"line":22,"column":0},"end":{"line":27,"column":1}},"loc":{"start":{"line":22,"column":0},"end":{"line":27,"column":1}},"line":22},"1":{"name":"buildCalendar","decl":{"start":{"line":29,"column":7},"end":{"line":198,"column":1}},"loc":{"start":{"line":29,"column":7},"end":{"line":198,"column":1}},"line":29},"2":{"name":"onChange","decl":{"start":{"line":200,"column":7},"end":{"line":202,"column":1}},"loc":{"start":{"line":200,"column":7},"end":{"line":202,"column":1}},"line":200},"3":{"name":"value","decl":{"start":{"line":204,"column":7},"end":{"line":206,"column":1}},"loc":{"start":{"line":204,"column":7},"end":{"line":206,"column":1}},"line":204},"4":{"name":"setMonth","decl":{"start":{"line":208,"column":7},"end":{"line":228,"column":1}},"loc":{"start":{"line":208,"column":7},"end":{"line":228,"column":1}},"line":208},"5":{"name":"isPastDate","decl":{"start":{"line":230,"column":0},"end":{"line":235,"column":1}},"loc":{"start":{"line":230,"column":0},"end":{"line":235,"column":1}},"line":230}},"f":{"0":5,"1":5,"2":1,"3":0,"4":1,"5":111}}
}
