TN:
SF:src/calendar.js
FN:22,initElements
FN:29,buildCalendar
FN:200,onChange
FN:204,value
FN:208,setMonth
FN:230,isPastDate
FNF:6
FNH:5
FNDA:5,initElements
FNDA:5,buildCalendar
FNDA:1,onChange
FNDA:0,value
FNDA:1,setMonth
FNDA:111,isPastDate
DA:1,1
DA:2,1
DA:3,1
DA:4,1
DA:5,1
DA:7,1
DA:8,1
DA:9,1
DA:10,1
DA:11,1
DA:12,1
DA:13,1
DA:14,1
DA:15,1
DA:16,1
DA:17,1
DA:18,1
DA:19,1
DA:20,1
DA:22,5
DA:23,5
DA:24,5
DA:25,5
DA:26,5
DA:27,5
DA:29,1
DA:30,5
DA:31,5
DA:32,5
DA:33,5
DA:34,5
DA:36,5
DA:37,5
DA:38,1
DA:39,1
DA:40,1
DA:41,1
DA:42,1
DA:44,5
DA:45,5
DA:47,5
DA:48,5
DA:50,5
DA:51,5
DA:52,5
DA:53,5
DA:54,5
DA:55,5
DA:56,5
DA:57,5
DA:58,5
DA:60,5
DA:61,5
DA:62,0
DA:63,0
DA:64,0
DA:66,5
DA:67,5
DA:68,0
DA:69,0
DA:70,0
DA:72,5
DA:73,5
DA:75,5
DA:76,5
DA:77,5
DA:78,5
DA:80,5
DA:81,5
DA:82,25
DA:83,25
DA:85,25
DA:86,25
DA:87,175
DA:88,175
DA:89,175
DA:90,175
DA:91,175
DA:93,175
DA:94,12
DA:95,12
DA:96,12
DA:97,12
DA:98,12
DA:99,12
DA:100,12
DA:101,175
DA:102,9
DA:103,9
DA:104,9
DA:105,9
DA:106,9
DA:107,9
DA:108,9
DA:109,9
DA:110,163
DA:111,154
DA:112,111
DA:113,154
DA:114,79
DA:115,79
DA:116,79
DA:117,79
DA:118,79
DA:119,79
DA:120,79
DA:121,79
DA:122,154
DA:123,75
DA:125,75
DA:126,75
DA:127,75
DA:128,75
DA:129,75
DA:130,75
DA:131,75
DA:132,75
DA:133,75
DA:134,75
DA:135,75
DA:136,75
DA:137,75
DA:138,75
DA:140,75
DA:141,75
DA:142,75
DA:143,75
DA:144,75
DA:146,75
DA:147,75
DA:148,75
DA:149,75
DA:150,75
DA:152,75
DA:153,2
DA:154,2
DA:155,2
DA:157,75
DA:158,75
DA:159,0
DA:160,0
DA:162,75
DA:163,75
DA:164,175
DA:165,175
DA:167,25
DA:169,25
DA:170,25
DA:172,5
DA:173,5
DA:174,1
DA:175,1
DA:176,1
DA:177,1
DA:178,1
DA:179,1
DA:180,1
DA:181,1
DA:183,5
DA:184,5
DA:185,5
DA:186,5
DA:187,5
DA:188,75
DA:189,1
DA:190,1
DA:192,1
DA:193,1
DA:194,1
DA:195,1
DA:196,75
DA:197,5
DA:198,5
DA:200,1
DA:201,1
DA:202,1
DA:204,1
DA:205,0
DA:206,0
DA:208,1
DA:209,1
DA:210,1
DA:212,1
DA:213,1
DA:214,1
DA:215,0
DA:216,0
DA:217,0
DA:219,1
DA:220,1
DA:221,1
DA:222,0
DA:223,0
DA:224,0
DA:226,1
DA:227,1
DA:228,1
DA:230,111
DA:231,111
DA:232,111
DA:233,111
DA:234,111
DA:235,111
LF:203
LH:187
BRDA:22,0,0,5
BRDA:29,1,0,5
BRDA:37,2,0,3
BRDA:37,3,0,1
BRDA:61,4,0,0
BRDA:67,5,0,0
BRDA:81,6,0,25
BRDA:86,7,0,175
BRDA:93,8,0,35
BRDA:93,9,0,12
BRDA:101,10,0,163
BRDA:101,11,0,9
BRDA:110,12,0,154
BRDA:111,13,0,111
BRDA:113,14,0,79
BRDA:122,15,0,75
BRDA:148,16,0,3
BRDA:149,17,0,2
BRDA:152,18,0,2
BRDA:158,19,0,0
BRDA:169,20,0,5
BRDA:173,21,0,1
BRDA:187,22,0,75
BRDA:188,23,0,1
BRDA:200,24,0,1
BRDA:208,25,0,1
BRDA:214,26,0,0
BRDA:221,27,0,0
BRDA:230,28,0,111
BRF:29
BRH:24
end_of_record
